# JRE version: OpenJDK Runtime Environment (26.0.1+8) (build 26.0.1+8-34)
# Java VM: OpenJDK 64-Bit Server VM (26.0.1+8-34, mixed mode, sharing, tiered, compressed oops, compressed class ptrs, g1 gc, windows-amd64)
GC Precious Log:
 CardTable entry size: 512
 Card Set container configuration: InlinePtr #cards 4 size 8 Array Of Cards #cards 32 size 80 Howl #buckets 8 coarsen threshold 7372 Howl Bitmap #cards 1024 size 144 coarsen threshold 921 Card regions per heap region 1 cards per card region 8192
 CPUs: 16 total, 16 available
 Memory: 31913M
 Large Page Support: Disabled
 NUMA Support: Disabled
 Compressed Oops: Enabled (Zero based)
 Heap Region Size: 4M
 Heap Min Capacity: 8M
 Heap Initial Capacity: 8M
 Heap Max Capacity: 7980M
 Pre-touch: Disabled
 Parallel Workers: 13
 Concurrent Workers: 3
 Concurrent Refinement Workers: 13
 Periodic GC: Disabled
Heap:
 garbage-first heap   total reserved 8171520K, committed 28672K, used 5253K [0x0000000346c00000, 0x0000000539800000)
  region size 4M, 1 eden (4M), 1 survivor (4M), 1 old (4M), 0 humongous (0M), 4 free (16M)
GC Heap Usage History (10 events):
Event: 0.054 {heap Before GC invocations=0 (full 0):
 garbage-first heap   total reserved 8171520K, committed 12288K, used 1183K [0x0000000346c00000, 0x0000000539800000)
  region size 4M, 1 eden (4M), 0 survivor (0M), 1 old (4M), 0 humongous (0M), 1 free (4M)
}
Event: 0.055 {heap After GC invocations=1 (full 0):
 garbage-first heap   total reserved 8171520K, committed 12288K, used 3602K [0x0000000346c00000, 0x0000000539800000)
  region size 4M, 0 eden (0M), 1 survivor (4M), 1 old (4M), 0 humongous (0M), 1 free (4M)
}
Event: 0.122 {heap Before GC invocations=1 (full 0):
 garbage-first heap   total reserved 8171520K, committed 12288K, used 7698K [0x0000000346c00000, 0x0000000539800000)
  region size 4M, 1 eden (4M), 1 survivor (4M), 1 old (4M), 0 humongous (0M), 0 free (0M)
}
Event: 0.123 {heap After GC invocations=2 (full 0):
 garbage-first heap   total reserved 8171520K, committed 20480K, used 3880K [0x0000000346c00000, 0x0000000539800000)
  region size 4M, 0 eden (0M), 1 survivor (4M), 2 old (8M), 0 humongous (0M), 2 free (8M)
}
Event: 0.295 {heap Before GC invocations=3 (full 0):
 garbage-first heap   total reserved 8171520K, committed 20480K, used 7976K [0x0000000346c00000, 0x0000000539800000)
  region size 4M, 1 eden (4M), 1 survivor (4M), 2 old (8M), 0 humongous (0M), 1 free (4M)
}
Event: 0.296 {heap After GC invocations=4 (full 0):
 garbage-first heap   total reserved 8171520K, committed 20480K, used 4488K [0x0000000346c00000, 0x0000000539800000)
  region size 4M, 0 eden (0M), 1 survivor (4M), 2 old (8M), 0 humongous (0M), 2 free (8M)
}
Event: 0.372 {heap Before GC invocations=4 (full 0):
 garbage-first heap   total reserved 8171520K, committed 20480K, used 8584K [0x0000000346c00000, 0x0000000539800000)
  region size 4M, 1 eden (4M), 1 survivor (4M), 2 old (8M), 0 humongous (0M), 1 free (4M)
}
Event: 0.374 {heap After GC invocations=5 (full 0):
 garbage-first heap   total reserved 8171520K, committed 20480K, used 4502K [0x0000000346c00000, 0x0000000539800000)
  region size 4M, 0 eden (0M), 1 survivor (4M), 1 old (4M), 0 humongous (0M), 3 free (12M)
}
Event: 0.428 {heap Before GC invocations=5 (full 0):
 garbage-first heap   total reserved 8171520K, committed 20480K, used 8598K [0x0000000346c00000, 0x0000000539800000)
  region size 4M, 1 eden (4M), 1 survivor (4M), 1 old (4M), 0 humongous (0M), 2 free (8M)
}
Event: 0.429 {heap After GC invocations=6 (full 0):
 garbage-first heap   total reserved 8171520K, committed 20480K, used 4673K [0x0000000346c00000, 0x0000000539800000)
  region size 4M, 0 eden (0M), 1 survivor (4M), 1 old (4M), 0 humongous (0M), 3 free (12M)
}

